1615114719148	geckodriver	INFO	Listening on 127.0.0.1:49183
1615114722207	mozrunner::runner	INFO	Running command: "C:\\Program Files\\Mozilla Firefox\\firefox.exe" "--marionette" "-foreground" "-no-remote" "-profile" "C:\\Users\\Zzzz\\AppData\\Local\\Temp\\rust_mozprofilelwI2Zl"
1615114764845	geckodriver	INFO	Listening on 127.0.0.1:49274
1615114767877	mozrunner::runner	INFO	Running command: "C:\\Program Files\\Mozilla Firefox\\firefox.exe" "--marionette" "-foreground" "-no-remote" "-profile" "C:\\Users\\Zzzz\\AppData\\Local\\Temp\\rust_mozprofile5Hk1eB"
console.warn: SearchSettings: "get: No settings file exists, new profile?" (new Error("", "(unknown module)"))
console.warn: SearchSettings: "get: No settings file exists, new profile?" (new Error("", "(unknown module)"))
1615114771505	Marionette	INFO	Listening on port 49283
1615114772033	Marionette	WARN	TLS certificate errors will be ignored for this session
1615114772048	Marionette	ERROR	[18] No reply from Marionette:Register
1615114772572	Marionette	ERROR	[31] No reply from Marionette:Register
1615114773943	Marionette	INFO	Stopped listening on port 49283
[Child 134360, IPC I/O Child] WARNING: pipe error: 232: file /builds/worker/checkouts/gecko/ipc/chromium/src/chrome/common/ipc_channel_win.cc:545

###!!! [Child][RunMessage] Error: Channel closing: too late to send/recv, messages will be lost


###!!! [Child][RunMessage] Error: Channel closing: too late to send/recv, messages will be lost

1615114865312	geckodriver	INFO	Listening on 127.0.0.1:49764
1615114868350	mozrunner::runner	INFO	Running command: "C:\\Program Files\\Mozilla Firefox\\firefox.exe" "--marionette" "-foreground" "-no-remote" "-profile" "C:\\Users\\Zzzz\\AppData\\Local\\Temp\\rust_mozprofilejwTQZj"
console.warn: SearchSettings: "get: No settings file exists, new profile?" (new Error("", "(unknown module)"))
1615114871721	Marionette	INFO	Listening on port 49773
1615114871995	Marionette	WARN	TLS certificate errors will be ignored for this session
1615114875698	Marionette	INFO	Stopped listening on port 49773
[Child 112840, IPC I/O Child] WARNING: pipe error: 232: file /builds/worker/checkouts/gecko/ipc/chromium/src/chrome/common/ipc_channel_win.cc:545

###!!! [Child][RunMessage] Error: Channel closing: too late to send/recv, messages will be lost

1615115782104	geckodriver	INFO	Listening on 127.0.0.1:50824
1615115785140	mozrunner::runner	INFO	Running command: "C:\\Program Files\\Mozilla Firefox\\firefox.exe" "--marionette" "-foreground" "-no-remote" "-profile" "C:\\Users\\Zzzz\\AppData\\Local\\Temp\\rust_mozprofilentbAvv"
console.warn: SearchSettings: "get: No settings file exists, new profile?" (new Error("", "(unknown module)"))
1615115787958	Marionette	INFO	Listening on port 50837
1615115788277	Marionette	WARN	TLS certificate errors will be ignored for this session
1615115817383	Marionette	INFO	Stopped listening on port 50837

###!!! [Child][RunMessage] Error: Channel closing: too late to send/recv, messages will be lost

1615115912282	geckodriver	INFO	Listening on 127.0.0.1:51078
1615115915318	mozrunner::runner	INFO	Running command: "C:\\Program Files\\Mozilla Firefox\\firefox.exe" "--marionette" "-foreground" "-no-remote" "-profile" "C:\\Users\\Zzzz\\AppData\\Local\\Temp\\rust_mozprofileSWsmT9"
console.warn: SearchSettings: "get: No settings file exists, new profile?" (new Error("", "(unknown module)"))
1615115918169	Marionette	INFO	Listening on port 51090
1615115918457	Marionette	WARN	TLS certificate errors will be ignored for this session
1615115929871	Marionette	INFO	Stopped listening on port 51090

###!!! [Child][RunMessage] Error: Channel closing: too late to send/recv, messages will be lost

1615115947510	geckodriver	INFO	Listening on 127.0.0.1:51215
1615115950568	mozrunner::runner	INFO	Running command: "C:\\Program Files\\Mozilla Firefox\\firefox.exe" "--marionette" "-foreground" "-no-remote" "-profile" "C:\\Users\\Zzzz\\AppData\\Local\\Temp\\rust_mozprofileWqqQzh"
console.warn: SearchSettings: "get: No settings file exists, new profile?" (new Error("", "(unknown module)"))
1615115953345	Marionette	INFO	Listening on port 51227
1615115953703	Marionette	WARN	TLS certificate errors will be ignored for this session
1615115959988	Marionette	INFO	Stopped listening on port 51227

###!!! [Child][RunMessage] Error: Channel closing: too late to send/recv, messages will be lost

1615115966704	geckodriver	INFO	Listening on 127.0.0.1:51326
1615115969754	mozrunner::runner	INFO	Running command: "C:\\Program Files\\Mozilla Firefox\\firefox.exe" "--marionette" "-foreground" "-no-remote" "-profile" "C:\\Users\\Zzzz\\AppData\\Local\\Temp\\rust_mozprofilegoXKnV"
console.warn: SearchSettings: "get: No settings file exists, new profile?" (new Error("", "(unknown module)"))
1615115972268	Marionette	INFO	Listening on port 51339
1615115972388	Marionette	WARN	TLS certificate errors will be ignored for this session
1615115983900	Marionette	INFO	Stopped listening on port 51339

###!!! [Child][RunMessage] Error: Channel closing: too late to send/recv, messages will be lost

1615116053170	geckodriver	INFO	Listening on 127.0.0.1:51576
1615116056218	mozrunner::runner	INFO	Running command: "C:\\Program Files\\Mozilla Firefox\\firefox.exe" "--marionette" "-foreground" "-no-remote" "-profile" "C:\\Users\\Zzzz\\AppData\\Local\\Temp\\rust_mozprofilekp17bd"
console.warn: SearchSettings: "get: No settings file exists, new profile?" (new Error("", "(unknown module)"))
1615116059103	Marionette	INFO	Listening on port 51588
1615116059350	Marionette	WARN	TLS certificate errors will be ignored for this session
1615116080094	Marionette	INFO	Stopped listening on port 51588

###!!! [Child][RunMessage] Error: Channel closing: too late to send/recv, messages will be lost

1615116089184	geckodriver	INFO	Listening on 127.0.0.1:51706
1615116092211	mozrunner::runner	INFO	Running command: "C:\\Program Files\\Mozilla Firefox\\firefox.exe" "--marionette" "-foreground" "-no-remote" "-profile" "C:\\Users\\Zzzz\\AppData\\Local\\Temp\\rust_mozprofileiFCTbR"
console.warn: SearchSettings: "get: No settings file exists, new profile?" (new Error("", "(unknown module)"))
1615116094762	Marionette	INFO	Listening on port 51717
1615116094843	Marionette	WARN	TLS certificate errors will be ignored for this session
1615116107850	Marionette	INFO	Stopped listening on port 51717
1615117108556	geckodriver	INFO	Listening on 127.0.0.1:52977
1615117111609	mozrunner::runner	INFO	Running command: "C:\\Program Files\\Mozilla Firefox\\firefox.exe" "--marionette" "-foreground" "-no-remote" "-profile" "C:\\Users\\Zzzz\\AppData\\Local\\Temp\\rust_mozprofileUOvb7J"
console.warn: SearchSettings: "get: No settings file exists, new profile?" (new Error("", "(unknown module)"))
1615117114521	Marionette	INFO	Listening on port 52990
1615117114743	Marionette	WARN	TLS certificate errors will be ignored for this session
1615117197309	Marionette	INFO	Stopped listening on port 52990

###!!! [Child][RunMessage] Error: Channel closing: too late to send/recv, messages will be lost

"--marionette" "-foreground" "-no-remote" "-profile" "C:\\Users\\Zzzz\\AppData\\Local\\Temp\\rust_mozprofiled4YD9C"
console.warn: SearchSettings: "get: No settings file exists, new profile?" (new Error("", "(unknown module)"))
1615117172020	Marionette	INFO	Listening on port 53149
1615117172421	Marionette	WARN	TLS certificate errors will be ignored for this session
1615117196489	Marionette	INFO	Stopped listening on port 53149

###!!! [Child][RunMessage] Error: Channel closing: too late to send/recv, messages will be lost

1615117208676	geckodriver	INFO	Listening on 127.0.0.1:53288
1615117211722	mozrunner::runner	INFO	Running command: "C:\\Program Files\\Mozilla Firefox\\firefox.exe" "--marionette" "-foreground" "-no-remote" "-profile" "C:\\Users\\Zzzz\\AppData\\Local\\Temp\\rust_mozprofileD4fwKK"
console.warn: SearchSettings: "get: No settings file exists, new profile?" (new Error("", "(unknown module)"))
1615117214393	Marionette	INFO	Listening on port 53300
1615117214851	Marionette	WARN	TLS certificate errors will be ignored for this session
1615117222834	Marionette	INFO	Stopped listening on port 53300

###!!! [Child][RunMessage] Error: Channel closing: too late to send/recv, messages will be lost

1615117237698	geckodriver	INFO	Listening on 127.0.0.1:53414
1615117240735	mozrunner::runner	INFO	Running command: "C:\\Program Files\\Mozilla Firefox\\firefox.exe" "--marionette" "-foreground" "-no-remote" "-profile" "C:\\Users\\Zzzz\\AppData\\Local\\Temp\\rust_mozprofileo90CnY"
console.warn: SearchSettings: "get: No settings file exists, new profile?" (new Error("", "(unknown module)"))
1615117243274	Marionette	INFO	Listening on port 53427
1615117243375	Marionette	WARN	TLS certificate errors will be ignored for this session
1615119485941	Marionette	INFO	Stopped listening on port 53427

###!!! [Child][RunMessage] Error: Channel closing: too late to send/recv, messages will be lost

"--marionette" "-foreground" "-no-remote" "-profile" "C:\\Users\\Zzzz\\AppData\\Local\\Temp\\rust_mozprofilei8MmQH"
console.warn: SearchSettings: "get: No settings file exists, new profile?" (new Error("", "(unknown module)"))
1615117339248	Marionette	INFO	Listening on port 53633
1615117339478	Marionette	WARN	TLS certificate errors will be ignored for this session
1615117358410	Marionette	INFO	Stopped listening on port 53633

###!!! [Child][RunMessage] Error: Channel closing: too late to send/recv, messages will be lost

1615117522922	geckodriver	INFO	Listening on 127.0.0.1:53998
1615117525975	mozrunner::runner	INFO	Running command: "C:\\Program Files\\Mozilla Firefox\\firefox.exe" "--marionette" "-foreground" "-no-remote" "-profile" "C:\\Users\\Zzzz\\AppData\\Local\\Temp\\rust_mozprofileE7XFOE"
console.warn: SearchSettings: "get: No settings file exists, new profile?" (new Error("", "(unknown module)"))
1615117528753	Marionette	INFO	Listening on port 54010
1615117529110	Marionette	WARN	TLS certificate errors will be ignored for this session
1615118477967	Marionette	INFO	Stopped listening on port 54010

###!!! [Child][RunMessage] Error: Channel closing: too late to send/recv, messages will be lost

"--marionette" "-foreground" "-no-remote" "-profile" "C:\\Users\\Zzzz\\AppData\\Local\\Temp\\rust_mozprofilep4LSd6"
console.warn: SearchSettings: "get: No settings file exists, new profile?" (new Error("", "(unknown module)"))
1615117570877	Marionette	INFO	Listening on port 54147
1615117571239	Marionette	WARN	TLS certificate errors will be ignored for this session
Handler function threw an exception: TypeError: topFrame.browsingContext is null
Stack: matchRequest@resource://devtools/server/actors/network-monitor/network-observer.js:130:9
_onRequestHeader@resource://devtools/server/actors/network-monitor/network-observer.js:957:10
NetworkObserver.prototype.observeActivity<@resource://devtools/server/actors/network-monitor/network-observer.js:710:12
exports.makeInfallible/<@resource://devtools/shared/ThreadSafeDevToolsUtils.js:103:22
Line: 130, column: 9
console.error: (new TypeError("topFrame.browsingContext is null", "resource://devtools/server/actors/network-monitor/network-observer.js", 130))
1615118477525	Marionette	INFO	Stopped listening on port 54147

###!!! [Child][RunMessage] Error: Channel closing: too late to send/recv, messages will be lost

"--marionette" "-foreground" "-no-remote" "-profile" "C:\\Users\\Zzzz\\AppData\\Local\\Temp\\rust_mozprofile4AngGd"
console.warn: SearchSettings: "get: No settings file exists, new profile?" (new Error("", "(unknown module)"))
1615118059042	Marionette	INFO	Listening on port 54982
1615118059500	Marionette	WARN	TLS certificate errors will be ignored for this session
JavaScript error: , line 0: NotFoundError: No such JSWindowActor 'MarionetteEvents'
1615118476739	Marionette	INFO	Stopped listening on port 54982

###!!! [Child][RunMessage] Error: Channel closing: too late to send/recv, messages will be lost

"--marionette" "-foreground" "-no-remote" "-profile" "C:\\Users\\Zzzz\\AppData\\Local\\Temp\\rust_mozprofileCOauie"
console.warn: SearchSettings: "get: No settings file exists, new profile?" (new Error("", "(unknown module)"))
1615118120985	Marionette	INFO	Listening on port 55164
1615118121486	Marionette	WARN	TLS certificate errors will be ignored for this session
console.warn: "Async method failed in safeAsyncMethod" (new Error("Connection closed, pending request to server0.conn0.child3/domwalker25, type cancelPick failed\n\nRequest stack:\nrequest@resource://devtools/shared/protocol/Front.js:288:14\ngenerateRequestMethods/</frontProto[name]@resource://devtools/shared/protocol/Front/FrontClassWithSpec.js:46:19\ncancelPick@resource://devtools/client/fronts/walker.js:546:18\nexports.safeAsyncMethod/<@resource://devtools/shared/async-utils.js:57:25\n_onInspectorFrontDestroyed@resource://devtools/client/inspector/node-picker.js:114:18\n_emit@resource://devtools/shared/event-emitter.js:226:34\nemit@resource://devtools/shared/event-emitter.js:172:18\nemit@resource://devtools/shared/event-emitter.js:324:18\nunmanage@resource://devtools/shared/protocol/Front.js:168:37\ndestroy@resource://devtools/shared/protocol/Pool.js:174:14\nbaseFrontClassDestroy@resource://devtools/shared/protocol/Front.js:103:13\ndestroy@resource://devtools/shared/protocol/Front.js:67:10\ndestroy@resource://devtools/client/fronts/inspector.js:91:11\n_destroyTarget@resource://devtools/client/fronts/targets/target-mixin.js:609:17\n", "resource://devtools/shared/protocol/Front.js", 99))
1615118475653	Marionette	INFO	Stopped listening on port 55164

###!!! [Child][RunMessage] Error: Channel closing: too late to send/recv, messages will be lost

1615118480977	geckodriver	INFO	Listening on 127.0.0.1:55935
1615118484023	mozrunner::runner	INFO	Running command: "C:\\Program Files\\Mozilla Firefox\\firefox.exe" "--marionette" "-foreground" "-no-remote" "-profile" "C:\\Users\\Zzzz\\AppData\\Local\\Temp\\rust_mozprofiletHr5xc"
console.warn: SearchSettings: "get: No settings file exists, new profile?" (new Error("", "(unknown module)"))
1615118486788	Marionette	INFO	Listening on port 55945
1615118487164	Marionette	WARN	TLS certificate errors will be ignored for this session
1615118864325	Marionette	INFO	Stopped listening on port 55945

###!!! [Child][RunMessage] Error: Channel closing: too late to send/recv, messages will be lost

"--marionette" "-foreground" "-no-remote" "-profile" "C:\\Users\\Zzzz\\AppData\\Local\\Temp\\rust_mozprofileeGsALO"
console.warn: SearchSettings: "get: No settings file exists, new profile?" (new Error("", "(unknown module)"))
1615118616266	Marionette	INFO	Listening on port 56249
1615118616775	Marionette	WARN	TLS certificate errors will be ignored for this session
1615118729143	Marionette	INFO	Stopped listening on port 56241615118730588	mozrunner::runner	INFO	Running command: "C:\\Program Files\\Mozilla Firefox\\firefox.exe" "--marionette" "-foreground" "-no-remote" "-profile" "C:\\Users\\Zzzz\\AppData\\Local\\Temp\\rust_mozprofileFKovkq"
console.warn: SearchSettings: "get: No settings file exists, new profile?" (new Error("", "(unknown module)"))
1615118733307	Marionette	INFO	Listening on port 56505
1615118733750	Marionette	WARN	TLS certificate errors will be ignored for this session
console.error: "Error while calling actor 'layout's method 'getGrids'" "node is null"
console.error: "getGrids@resource://devtools/server/actors/layout.js:502:26\ngetGrids@resource://devtools/server/actors/layout.js:507:43\nhandler@resource://devtools/shared/protocol/Actor.js:172:37\nonPacket@resource://devtools/server/devtools-server-connection.js:379:58\nreceiveMessage@resource://devtools/shared/transport/child-transport.js:68:16\n"
1615118862991	Marionette	INFO	Stopped listening on port 56501615118863757	mozrunner::runner	INFO	Running command: "C:\\Program Files\\Mozilla Firefox\\firefox.exe" "--marionette" "-foreground" "-no-remote" "-profile" "C:\\Users\\Zzzz\\AppData\\Local\\Temp\\rust_mozprofileSTxfHn"
console.warn: SearchSettings: "get: No settings file exists, new profile?" (new Error("", "(unknown module)"))
1615118866465	Marionette	INFO	Listening on port 56836
1615118866899	Marionette	WARN	TLS certificate errors will be ignored for this session
1615119456195	Marionette	INFO	Stopped listening on port 56836

###!!! [Child][RunMessage] Error: Channel closing: too late to send/recv, messages will be lost

"--marionette" "-foreground" "-no-remote" "-profile" "C:\\Users\\Zzzz\\AppData\\Local\\Temp\\rust_mozprofilenig7Kn"
console.warn: SearchSettings: "get: No settings file exists, new profile?" (new Error("", "(unknown module)"))
1615119054246	Marionette	INFO	Listening on port 57176
1615119054629	Marionette	WARN	TLS certificate errors will be ignored for this session
JavaScript error: , line 0: uncaught exception: undefined
1615119455566	Marionette	INFO	Stopped listening on port 57176

###!!! [Child][RunMessage] Error: Channel closing: too late to send/recv, messages will be lost

"--marionette" "-foreground" "-no-remote" "-profile" "C:\\Users\\Zzzz\\AppData\\Local\\Temp\\rust_mozprofile8H2JD2"
console.warn: SearchSettings: "get: No settings file exists, new profile?" (new Error("", "(unknown module)"))
1615119214517	Marionette	INFO	Listening on port 57882
1615119214605	Marionette	WARN	TLS certificate errors will be ignored for this session
1615119333776	Marionette	INFO	Stopped listening on port 57882

###!!! [Child][RunMessage] Error: Channel closing: too late to send/recv, messages will be lost

"--marionette" "-foreground" "-no-remote" "-profile" "C:\\Users\\Zzzz\\AppData\\Local\\Temp\\rust_mozprofileJBNEgK"
console.warn: SearchSettings: "get: No settings file exists, new profile?" (new Error("", "(unknown module)"))
1615119285325	Marionette	INFO	Listening on port 58090
1615119285564	Marionette	WARN	TLS certificate errors will be ignored for this session
1615119332422	Marionette	INFO	Stopped listening on port 58091615119333815	mozrunner::runner	INFO	Running command: "C:\\Program Files\\Mozilla Firefox\\firefox.exe" "--marionette" "-foreground" "-no-remote" "-profile" "C:\\Users\\Zzzz\\AppData\\Local\\Temp\\rust_mozprofilePMIPk0"
console.warn: SearchSettings: "get: No settings file exists, new profile?" (new Error("", "(unknown module)"))
1615119338183	Marionette	INFO	Listening on port 58269
1615119338564	Marionette	WARN	TLS certificate errors will be ignored for this session
1615119454667	Marionette	INFO	Stopped listening on port 58269

###!!! [Child][RunMessage] Error: Channel closing: too late to send/recv, messages will be lost

"--marionette" "-foreground" "-no-remote" "-profile" "C:\\Users\\Zzzz\\AppData\\Local\\Temp\\rust_mozprofilez3BLeV"
console.warn: SearchSettings: "get: No settings file exists, new profile?" (new Error("", "(unknown module)"))
1615119396026	Marionette	INFO	Listening on port 58466
1615119396341	Marionette	WARN	TLS certificate errors will be ignored for this session
1615119453983	Marionette	INFO	Stopped listening on port 5846161
###!!! [Child][RunMessage] Error: Channel closing: too late to send/recv, messages will be lost

"--marionette" "-foreground" "-no-remote" "-profile" "C:\\Users\\Zzzz\\AppData\\Local\\Temp\\rust_mozprofile0SKxKT"
console.warn: SearchSettings: "get: No settings file exists, new profile?" (new Error("", "(unknown module)"))
1615119458496	Marionette	INFO	Listening on port 58694
1615119459015	Marionette	WARN	TLS certificate errors will be ignored for this session
1615119482352	Marionette	INFO	Stopped listening on port 58694

###!!! [Child][RunMessage] Error: Channel closing: too late to send/recv, messages will be lost

1615119498029	geckodriver	INFO	Listening on 127.0.0.1:58845
1615119501086	mozrunner::runner	INFO	Running command: "C:\\Program Files\\Mozilla Firefox\\firefox.exe" "--marionette" "-foreground" "-no-remote" "-profile" "C:\\Users\\Zzzz\\AppData\\Local\\Temp\\rust_mozprofiler5HTcW"
console.warn: SearchSettings: "get: No settings file exists, new profile?" (new Error("", "(unknown module)"))
1615119503865	Marionette	INFO	Listening on port 58857
1615119504226	Marionette	WARN	TLS certificate errors will be ignored for this session
1615119518043	Marionette	INFO	Stopped listening on port 58857
1615119647841	geckodriver	INFO	Listening on 127.0.0.1:59173
1615119650890	mozrunner::runner	INFO	Running command: "C:\\Program Files\\Mozilla Firefox\\firefox.exe" "--marionette" "-foreground" "-no-remote" "-profile" "C:\\Users\\Zzzz\\AppData\\Local\\Temp\\rust_mozprofilezxwVTl"
console.warn: SearchSettings: "get: No settings file exists, new profile?" (new Error("", "(unknown module)"))
1615119654200	Marionette	INFO	Listening on port 59186
1615119654543	Marionette	WARN	TLS certificate errors will be ignored for this session
Handler function threw an exception: TypeError: topFrame.browsingContext is null
Stack: matchRequest@resource://devtools/server/actors/network-monitor/network-observer.js:130:9
_onRequestHeader@resource://devtools/server/actors/network-monitor/network-observer.js:957:10
NetworkObserver.prototype.observeActivity<@resource://devtools/server/actors/network-monitor/network-observer.js:710:12
exports.makeInfallible/<@resource://devtools/shared/ThreadSafeDevToolsUtils.js:103:22
Line: 130, column: 9
console.error: (new TypeError("topFrame.browsingContext is null", "resource://devtools/server/actors/network-monitor/network-observer.js", 130))
JavaScript error: https://www.mobilhanem.com/python-yorum-satiri/ line 1 > injectedScript, line 1: TypeError: window.wp is undefined
JavaScript error: https://www.mobilhanem.com/python-yorum-satiri/ line 1 > injectedScript, line 1: ReferenceError: tinymce is not defined
JavaScript error: https://www.mobilhanem.com/python-yorum-satiri/ line 1 > injectedScript, line 1: ReferenceError: tinymce is not defined

###!!! [Child][MessageChannel] Error: (msgtype=0x5B000D,name=PHttpChannel::Msg___delete__) Channel closing: too late to send/recv, messages will be lost

1615122031351	Marionette	INFO	Stopped listening on port 59186

###!!! [Child][RunMessage] Error: Channel closing: too late to send/recv, messages will be lost

 "(unknown module)"))
1615120259320	Marionette	INFO	Listening on port 60295
1615120259834	Marionette	WARN	TLS certificate errors will be ignored for this session
1615120272482	Marionette	INFO	Stopped listening on port 60295

###!!! [Child][RunMessage] Error: Channel closing: too late to send/recv, messages will be lost

1615120275735	geckodriver	INFO	Listening on 127.0.0.1:60421
1615120278789	mozrunner::runner	INFO	Running command: "C:\\Program Files\\Mozilla Firefox\\firefox.exe" "--marionette" "-foreground" "-no-remote" "-profile" "C:\\Users\\Zzzz\\AppData\\Local\\Temp\\rust_mozprofileXpR0u2"
console.warn: SearchSettings: "get: No settings file exists, new profile?" (new Error("", "(unknown module)"))
1615120282470	Marionette	INFO	Listening on port 60431
1615120282935	Marionette	WARN	TLS certificate errors will be ignored for this session
1615120313836	Marionette	INFO	Stopped listening on port 60431

###!!! [Child][RunMessage] Error: Channel closing: too late to send/recv, messages will be lost

1615121421087	geckodriver	INFO	Listening on 127.0.0.1:61990
1615121424146	mozrunner::runner	INFO	Running command: "C:\\Program Files\\Mozilla Firefox\\firefox.exe" "--marionette" "-foreground" "-no-remote" "-profile" "C:\\Users\\Zzzz\\AppData\\Local\\Temp\\rust_mozprofilehAIz6j"
console.warn: SearchSettings: "get: No settings file exists, new profile?" (new Error("", "(unknown module)"))
1615121427825	Marionette	INFO	Listening on port 62000
1615121428295	Marionette	WARN	TLS certificate errors will be ignored for this session
1615121441141	Marionette	INFO	Stopped listening on port 62000

###!!! [Child][RunMessage] Error: Channel closing: too late to send/recv, messages will be lost

1615121467459	geckodriver	INFO	Listening on 127.0.0.1:62155
1615121470512	mozrunner::runner	INFO	Running command: "C:\\Program Files\\Mozilla Firefox\\firefox.exe" "--marionette" "-foreground" "-no-remote" "-profile" "C:\\Users\\Zzzz\\AppData\\Local\\Temp\\rust_mozprofileWUqiB2"
console.warn: SearchSettings: "get: No settings file exists, new profile?" (new Error("", "(unknown module)"))
1615121474390	Marionette	INFO	Listening on port 62165
1615121474659	Marionette	WARN	TLS certificate errors will be ignored for this session
1615121482776	Marionette	INFO	Stopped listening on port 62165

###!!! [Child][RunMessage] Error: Channel closing: too late to send/recv, messages will be lost

1615121556086	geckodriver	INFO	Listening on 127.0.0.1:62363
1615121559124	mozrunner::runner	INFO	Running command: "C:\\Program Files\\Mozilla Firefox\\firefox.exe" "--marionette" "-foreground" "-no-remote" "-profile" "C:\\Users\\Zzzz\\AppData\\Local\\Temp\\rust_mozprofileQs2MYY"
console.warn: SearchSettings: "get: No settings file exists, new profile?" (new Error("", "(unknown module)"))
1615121562982	Marionette	INFO	Listening on port 62373
1615121563263	Marionette	WARN	TLS certificate errors will be ignored for this session
1615121572177	Marionette	INFO	Stopped listening on port 62373

###!!! [Child][RunMessage] Error: Channel closing: too late to send/recv, messages will be lost

1615121582226	geckodriver	INFO	Listening on 127.0.0.1:62502
1615121585258	mozrunner::runner	INFO	Running command: "C:\\Program Files\\Mozilla Firefox\\firefox.exe" "--marionette" "-foreground" "-no-remote" "-profile" "C:\\Users\\Zzzz\\AppData\\Local\\Temp\\rust_mozprofileJlquAR"
console.warn: SearchSettings: "get: No settings file exists, new profile?" (new Error("", "(unknown module)"))
1615121589006	Marionette	INFO	Listening on port 62514
1615121589408	Marionette	WARN	TLS certificate errors will be ignored for this session
1615121756110	Marionette	INFO	Stopped listening on port 62514

###!!! [Child][RunMessage] Error: Channel closing: too late to send/recv, messages will be lost

1615229880485	geckodriver	INFO	Listening on 127.0.0.1:57992
1615229883532	mozrunner::runner	INFO	Running command: "C:\\Program Files\\Mozilla Firefox\\firefox.exe" "--marionette" "-foreground" "-no-remote" "-profile" "C:\\Users\\Zzzz\\AppData\\Local\\Temp\\rust_mozprofileh2QlkQ"
console.warn: SearchSettings: "get: No settings file exists, new profile?" (new Error("", "(unknown module)"))
1615229886290	Marionette	INFO	Listening on port 58005
1615229886676	Marionette	WARN	TLS certificate errors will be ignored for this session
1615229889797	Marionette	WARN	Ignoring event 'DOMContentLoaded' because document has an invalid readyState of 'complete'.
1615229893944	Marionette	INFO	Stopped listening on port 58001615229896949	mozrunner::runner	INFO	Running command: "C:\\Program Files\\Mozilla Firefox\\firefox.exe" "--marionette" "-foreground" "-no-remote" "-profile" "C:\\Users\\Zzzz\\AppData\\Local\\Temp\\rust_mozprofileXBDdt7"
console.warn: SearchSettings: "get: No settings file exists, new profile?" (new Error("", "(unknown module)"))
1615229899429	Marionette	INFO	Listening on port 58144
1615229899581	Marionette	WARN	TLS certificate errors will be ignored for this session
1615229903540	Marionette	WARN	Ignoring event 'DOMContentLoaded' because document has an invalid readyState of 'complete'.
1615229916111	Marionette	INFO	Stopped listening on port 58144

###!!! [Child][RunMessage] Error: Channel closing: too late to send/recv, messages will be lost

"--marionette" "-foreground" "-no-remote" "-profile" "C:\\Users\\Zzzz\\AppData\\Local\\Temp\\rust_mozprofilePYaIaz"
console.warn: SearchSettings: "get: No settings file exists, new profile?" (new Error("", "(unknown module)"))
1615229913351	Marionette	INFO	Listening on port 58280
1615229913643	Marionette	WARN	TLS certificate errors will be ignored for this session
JavaScript error: resource://activity-stream/lib/ASRouter.jsm, line 988: NS_ERROR_ILLEGAL_VALUE: Component returned failure code: 0x80070057 (NS_ERROR_ILLEGAL_VALUE) [nsIObserverService.removeObserver]
1615229915158	Marionette	INFO	Stopped listening on port 58280

###!!! [Child][RunMessage] Error: Channel closing: too late to send/recv, messages will be lost

1615229915434	geckodriver	INFO	Listening on 127.0.0.1:58324
1615229918490	mozrunner::runner	INFO	Running command: "C:\\Program Files\\Mozilla Firefox\\firefox.exe" "--marionette" "-foreground" "-no-remote" "-profile" "C:\\Users\\Zzzz\\AppData\\Local\\Temp\\rust_mozprofileOOabox"
console.warn: SearchSettings: "get: No settings file exists, new profile?" (new Error("", "(unknown module)"))
1615229921073	Marionette	INFO	Listening on port 58342
1615229921134	Marionette	WARN	TLS certificate errors will be ignored for this session
1615229923679	Marionette	WARN	Ignoring event 'DOMContentLoaded' because document has an invalid readyState of 'complete'.
JavaScript error: , line 0: TypeError: NetworkError when attempting to fetch resource.
1615229965239	Marionette	INFO	Stopped listening on port 58342

###!!! [Child][RunMessage] Error: Channel closing: too late to send/recv, messages will be lost

"--marionette" "-foreground" "-no-remote" "-profile" "C:\\Users\\Zzzz\\AppData\\Local\\Temp\\rust_mozprofileRD4fP8"
console.warn: SearchSettings: "get: No settings file exists, new profile?" (new Error("", "(unknown module)"))
1615229942179	Marionette	INFO	Listening on port 58489
1615229942366	Marionette	WARN	TLS certificate errors will be ignored for this session
1615229944937	Marionette	WARN	Ignoring event 'DOMContentLoaded' because document has an invalid readyState of 'complete'.
1615229964329	Marionette	WARN	Ignoring event 'DOMContentLoaded' because document has an invalid readyState of 'complete'.
[Child 22916, IPC I/O Child] WARNING: pipe error: 232: file /builds/worker/checkouts/gecko/ipc/chromium/src/chrome/common/ipc_channel_win.cc:545
1615229967943	Marionette	INFO	Stopped listening on port 58489

###!!! [Child][RunMessage] Error: Channel closing: too late to send/recv, messages will be lost

n port 58692
1615229964937	Marionette	WARN	TLS certificate errors will be ignored for this session
JavaScript error: resource://activity-stream/lib/ASRouter.jsm, line 988: NS_ERROR_ILLEGAL_VALUE: Component returned failure code: 0x80070057 (NS_ERROR_ILLEGAL_VALUE) [nsIObserverService.removeObserver]
console.warn: services.settings: main/cfr sync interrupted by shutdown
1615229965839	Marionette	INFO	Stopped listening on port 58692

###!!! [Child][RunMessage] Error: Channel closing: too lat1615229969054	mozrunner::runner	INFO	Running command: "C:\\Program Files\\Mozilla Firefox\\firefox.exe" "--marionette" "-foreground" "-no-remote" "-profile" "C:\\Users\\Zzzz\\AppData\\Local\\Temp\\rust_mozprofile3jJjHt"
console.warn: SearchSettings: "get: No settings file exists, new profile?" (new Error("", "(unknown module)"))
1615229971412	Marionette	INFO	Listening on port 58785
1615229971695	Marionette	WARN	TLS certificate errors will be ignored for this session
1615229974435	Marionette	WARN	Ignoring event 'DOMContentLoaded' because document has an invalid readyState of 'complete'.
JavaScript error: resource://devtools/client/framework/toolbox.js, line 1936: TypeError: currentPanel is undefined
1615229990252	Marionette	WARN	Ignoring event 'DOMContentLoaded' because document has an invalid readyState of 'complete'.
1615229994766	Marionette	INFO	Stopped listening on port 58785

###!!! [Child][RunMessage] Error: Channel closing: too late to send/recv, messages will be lost

.warn: SearchSettings: "get: No settings file exists, new profile?" (new Error("", "(unknown module)"))
1615229992606	Marionette	INFO	Listening on port 59004
1615229992817	Marionette	WARN	TLS certificate errors will be ignored for this session
1615229995976	Marionette	INFO	Stopped listening on port 59004
1615229996159	geckodriver	INFO	Listening on 127.0.0.1:59093
1615229999203	mozrunner::runner	INFO	Running command: "C:\\Program Files\\Mozilla Firefox\\firefox.exe" "--marionette" "-foreground" "-no-remote" "-profile" "C:\\Users\\Zzzz\\AppData\\Local\\Temp\\rust_mozprofilevcvDvb"
console.warn: SearchSettings: "get: No settings file exists, new profile?" (new Error("", "(unknown module)"))
1615230001717	Marionette	INFO	Listening on port 59104
1615230001835	Marionette	WARN	TLS certificate errors will be ignored for this session
1615230005210	Marionette	WARN	Ignoring event 'DOMContentLoaded' because document has an invalid readyState of 'complete'.
1615230010776	Marionette	INFO	Stopped listening on port 59104

###!!! [Child][RunMessage] Error: Channel closing: too late to send/recv, messages will be lost

1615251095680	geckodriver	INFO	Listening on 127.0.0.1:59165
1615251098727	mozrunner::runner	INFO	Running command: "C:\\Program Files\\Mozilla Firefox\\firefox.exe" "--marionette" "-foreground" "-no-remote" "-profile" "C:\\Users\\Zzzz\\AppData\\Local\\Temp\\rust_mozprofileKpB2mY"
console.warn: SearchSettings: "get: No settings file exists, new profile?" (new Error("", "(unknown module)"))
1615251102197	Marionette	INFO	Listening on port 59175
1615251102374	Marionette	WARN	TLS certificate errors will be ignored for this session
1615251105397	Marionette	WARN	Ignoring event 'DOMContentLoaded' because document has an invalid readyState of 'complete'.
1615251133705	Marionette	INFO	Stopped listening on port 59175

###!!! [Child][RunMessage] Error: Channel closing: too late to send/recv, messages will be lost

"--marionette" "-foreground" "-no-remote" "-profile" "C:\\Users\\Zzzz\\AppData\\Local\\Temp\\rust_mozprofileLT4g8U"
console.warn: SearchSettings: "get: No settings file exists, new profile?" (new Error("", "(unknown module)"))
1615251116121	Marionette	INFO	Listening on port 59306
1615251116353	Marionette	WARN	TLS certificate errors will be ignored for this session
1615251119319	Marionette	WARN	Ignoring event 'DOMContentLoaded' because document has an invalid readyState of 'complete'.
1615251133039	Marionette	INFO	Stopped listening on port 59306

###!!! [Child][RunMessage] Error: Channel closing: too late to send/recv, messages will be lost

"--marionette" "-foreground" "-no-remote" "-profile" "C:\\Users\\Zzzz\\AppData\\Local\\Temp\\rust_mozprofilePkWplM"
console.warn: SearchSettings: "get: No settings file exists, new profile?" (new Error("", "(unknown module)"))
1615251129916	Marionette	INFO	Listening on port 59427
1615251130015	Marionette	WARN	TLS certificate errors will be ignored for this session
JavaScript error: resource://activity-stream/lib/ASRouter.jsm, line 988: NS_ERROR_ILLEGAL_VALUE: Component returned failure code: 0x80070057 (NS_ERROR_ILLEGAL_VALUE) [nsIObserverService.removeObserver]
[Parent 150404, IPC I/O Parent] WARNING: file /builds/worker/checkouts/gecko/ipc/chromium/src/base/process_util_win.cc:167
[Parent 150404, IPC I/O Parent] WARNING: file /builds/worker/checkouts/gecko/ipc/chromium/src/base/process_util_win.cc:167
1615251131510	Marionette	INFO	Stopped listening on port 59427

###!!! [Child][RunMessage] Error: Channel closing: too late to send/recv, messages will be lost

